[24.03.26	16:24:49]	SSDRead()	
[24.03.26	16:24:49]	SSDRead()	
[24.03.26	16:24:49]	SSDRead()	
[24.03.26	16:24:49]	SSDRead()	
[24.03.26	16:24:49]	SSDRead()	
[24.03.26	16:24:49]	SSDRead()	
[24.03.26	16:24:49]	SSDRead()	
[24.03.26	16:24:49]	SSDRead()	
[24.03.26	16:24:49]	SSDRead()	
[24.03.26	16:24:49]	SSDRead()	
[24.03.26	16:24:49]	SSDRead()	
[24.03.26	16:24:49]	SSDRead()	
[24.03.26	16:24:49]	SSDRead()	
[24.03.26	16:24:49]	SSDRead()	
[24.03.26	16:24:49]	SSDRead()	
[24.03.26	16:24:49]	SSDRead()	
[24.03.26	16:24:49]	SSDRead()	
[24.03.26	16:24:49]	SSDRead()	
[24.03.26	16:24:50]	SSDRead()	
[24.03.26	16:24:50]	SSDRead()	
[24.03.26	16:24:50]	SSDRead()	
[24.03.26	16:24:50]	SSDRead()	
[24.03.26	16:24:50]	SSDRead()	
[24.03.26	16:24:50]	SSDRead()	
[24.03.26	16:24:50]	SSDRead()	
[24.03.26	16:24:50]	SSDRead()	
[24.03.26	16:24:50]	SSDRead()	
[24.03.26	16:24:50]	SSDRead()	
[24.03.26	16:24:50]	SSDRead()	
[24.03.26	16:24:50]	SSDRead()	
[24.03.26	16:24:50]	SSDRead()	
[24.03.26	16:24:50]	SSDRead()	
[24.03.26	16:24:50]	SSDRead()	
[24.03.26	16:24:50]	SSDRead()	
[24.03.26	16:24:50]	SSDFullRead()	
[24.03.26	16:24:50]	SSDRead()	
[24.03.26	16:24:50]	SSDRead()	
[24.03.26	16:24:50]	SSDRead()	
[24.03.26	16:24:50]	SSDRead()	
[24.03.26	16:24:50]	SSDRead()	
[24.03.26	16:24:50]	SSDRead()	
[24.03.26	16:24:50]	SSDRead()	
[24.03.26	16:24:50]	SSDRead()	
[24.03.26	16:24:50]	SSDRead()	
[24.03.26	16:24:50]	SSDRead()	
[24.03.26	16:24:50]	SSDRead()	
[24.03.26	16:24:50]	SSDRead()	
[24.03.26	16:24:50]	SSDRead()	
[24.03.26	16:24:50]	SSDRead()	
[24.03.26	16:24:50]	SSDRead()	
[24.03.26	16:24:50]	SSDRead()	
[24.03.26	16:24:50]	SSDRead()	
[24.03.26	16:24:50]	SSDRead()	
[24.03.26	16:24:50]	SSDRead()	
[24.03.26	16:24:50]	SSDRead()	
[24.03.26	16:24:50]	SSDRead()	
[24.03.26	16:24:50]	SSDRead()	
[24.03.26	16:24:50]	SSDRead()	
[24.03.26	16:24:50]	SSDRead()	
[24.03.26	16:24:50]	SSDRead()	
[24.03.26	16:24:50]	SSDRead()	
[24.03.26	16:24:50]	SSDRead()	
[24.03.26	16:24:50]	SSDRead()	
[24.03.26	16:24:50]	SSDRead()	
[24.03.26	16:24:50]	SSDRead()	
[24.03.26	16:24:50]	SSDRead()	
[24.03.26	16:24:50]	SSDRead()	
[24.03.26	16:24:50]	SSDRead()	
[24.03.26	16:24:51]	SSDRead()	
[24.03.26	16:24:51]	SSDRead()	
[24.03.26	16:24:51]	SSDRead()	
[24.03.26	16:24:51]	SSDRead()	
[24.03.26	16:24:51]	SSDRead()	
[24.03.26	16:24:51]	SSDRead()	
[24.03.26	16:24:51]	SSDRead()	
[24.03.26	16:24:51]	SSDRead()	
[24.03.26	16:24:51]	SSDRead()	
[24.03.26	16:24:51]	SSDRead()	
[24.03.26	16:24:51]	SSDRead()	
[24.03.26	16:24:51]	SSDRead()	
[24.03.26	16:24:51]	SSDRead()	
[24.03.26	16:24:51]	SSDRead()	
[24.03.26	16:24:51]	SSDRead()	
[24.03.26	16:24:51]	SSDRead()	
[24.03.26	16:24:51]	SSDRead()	
[24.03.26	16:24:51]	SSDRead()	
[24.03.26	16:24:51]	SSDRead()	
[24.03.26	16:24:51]	SSDRead()	
[24.03.26	16:24:51]	SSDRead()	
[24.03.26	16:24:51]	SSDRead()	
[24.03.26	16:24:51]	SSDRead()	
[24.03.26	16:24:51]	SSDRead()	
[24.03.26	16:24:51]	SSDRead()	
[24.03.26	16:24:51]	SSDRead()	
[24.03.26	16:24:51]	SSDRead()	
[24.03.26	16:24:51]	SSDRead()	
[24.03.26	16:24:51]	SSDRead()	
[24.03.26	16:24:51]	SSDRead()	
[24.03.26	16:24:51]	SSDRead()	
[24.03.26	16:24:51]	SSDRead()	
[24.03.26	16:24:51]	SSDRead()	
[24.03.26	16:24:51]	SSDRead()	
[24.03.26	16:24:51]	SSDRead()	
[24.03.26	16:24:51]	SSDRead()	
[24.03.26	16:24:51]	SSDRead()	
[24.03.26	16:24:51]	SSDRead()	
[24.03.26	16:24:51]	SSDRead()	
[24.03.26	16:24:51]	SSDRead()	
[24.03.26	16:24:51]	SSDRead()	
[24.03.26	16:24:51]	SSDRead()	
[24.03.26	16:24:51]	SSDRead()	
[24.03.26	16:24:51]	SSDRead()	
[24.03.26	16:24:51]	SSDRead()	
[24.03.26	16:24:51]	SSDRead()	
[24.03.26	16:24:51]	SSDRead()	
[24.03.26	16:24:51]	SSDRead()	
[24.03.26	16:24:51]	SSDRead()	
[24.03.26	16:24:51]	SSDRead()	
[24.03.26	16:24:51]	SSDRead()	
[24.03.26	16:24:51]	SSDRead()	
[24.03.26	16:24:52]	SSDRead()	
[24.03.26	16:24:52]	SSDRead()	
[24.03.26	16:24:52]	SSDRead()	
[24.03.26	16:24:52]	SSDRead()	
[24.03.26	16:24:52]	SSDRead()	
[24.03.26	16:24:52]	SSDRead()	
[24.03.26	16:24:52]	SSDRead()	
[24.03.26	16:24:52]	SSDRead()	
[24.03.26	16:24:52]	SSDRead()	
[24.03.26	16:24:52]	SSDRead()	
[24.03.26	16:24:52]	SSDRead()	
[24.03.26	16:24:52]	SSDRead()	
[24.03.26	16:24:52]	SSDRead()	
[24.03.26	16:24:52]	SSDRead()	
[24.03.26	16:24:52]	SSDRead()	
[24.03.26	16:24:52]	SSDFullRead()	
[24.03.26	16:24:52]	SSDRead()	
[24.03.26	16:24:52]	SSDRead()	
[24.03.26	16:24:52]	SSDRead()	
[24.03.26	16:24:52]	SSDRead()	
[24.03.26	16:24:52]	SSDRead()	
[24.03.26	16:24:52]	SSDRead()	
[24.03.26	16:24:52]	SSDRead()	
[24.03.26	16:24:52]	SSDRead()	
[24.03.26	16:24:52]	SSDRead()	
[24.03.26	16:24:52]	SSDRead()	
[24.03.26	16:24:52]	SSDRead()	
[24.03.26	16:24:52]	SSDRead()	
[24.03.26	16:24:52]	SSDRead()	
[24.03.26	16:24:52]	SSDRead()	
[24.03.26	16:24:52]	SSDRead()	
[24.03.26	16:24:52]	SSDRead()	
[24.03.26	16:24:52]	SSDRead()	
[24.03.26	16:24:52]	SSDRead()	
[24.03.26	16:24:52]	SSDRead()	
[24.03.26	16:24:52]	SSDRead()	
[24.03.26	16:24:52]	SSDRead()	
[24.03.26	16:24:52]	SSDRead()	
[24.03.26	16:24:52]	SSDRead()	
[24.03.26	16:24:52]	SSDRead()	
[24.03.26	16:24:52]	SSDRead()	
[24.03.26	16:24:52]	SSDRead()	
[24.03.26	16:24:52]	SSDRead()	
[24.03.26	16:24:52]	SSDRead()	
[24.03.26	16:24:52]	SSDRead()	
[24.03.26	16:24:52]	SSDRead()	
[24.03.26	16:24:52]	SSDRead()	
[24.03.26	16:24:52]	SSDRead()	
[24.03.26	16:24:52]	SSDRead()	
[24.03.26	16:24:52]	SSDRead()	
[24.03.26	16:24:53]	SSDRead()	
[24.03.26	16:24:53]	SSDRead()	
[24.03.26	16:24:53]	SSDRead()	
[24.03.26	16:24:53]	SSDRead()	
[24.03.26	16:24:53]	SSDRead()	
[24.03.26	16:24:53]	SSDRead()	
[24.03.26	16:24:53]	SSDRead()	
[24.03.26	16:24:53]	SSDRead()	
[24.03.26	16:24:53]	SSDRead()	
[24.03.26	16:24:53]	SSDRead()	
[24.03.26	16:24:53]	SSDRead()	
[24.03.26	16:24:53]	SSDRead()	
[24.03.26	16:24:53]	SSDRead()	
[24.03.26	16:24:53]	SSDRead()	
[24.03.26	16:24:53]	SSDRead()	
[24.03.26	16:24:53]	SSDRead()	
[24.03.26	16:24:53]	SSDRead()	
[24.03.26	16:24:53]	SSDRead()	
[24.03.26	16:24:53]	SSDRead()	
[24.03.26	16:24:53]	SSDRead()	
[24.03.26	16:24:53]	SSDRead()	
[24.03.26	16:24:53]	SSDRead()	
[24.03.26	16:24:53]	SSDRead()	
[24.03.26	16:24:53]	SSDRead()	
[24.03.26	16:24:53]	SSDRead()	
[24.03.26	16:24:53]	SSDRead()	
[24.03.26	16:24:53]	SSDRead()	
[24.03.26	16:24:53]	SSDRead()	
[24.03.26	16:24:53]	SSDRead()	
[24.03.26	16:24:53]	SSDRead()	
[24.03.26	16:24:53]	SSDRead()	
[24.03.26	16:24:53]	SSDRead()	
[24.03.26	16:24:53]	SSDRead()	
[24.03.26	16:24:53]	SSDRead()	
[24.03.26	16:24:53]	SSDRead()	
[24.03.26	16:24:53]	SSDRead()	
[24.03.26	16:24:53]	SSDRead()	
[24.03.26	16:24:53]	SSDRead()	
[24.03.26	16:24:53]	SSDRead()	
[24.03.26	16:24:53]	SSDRead()	
[24.03.26	16:24:53]	SSDRead()	
[24.03.26	16:24:53]	SSDRead()	
[24.03.26	16:24:53]	SSDRead()	
[24.03.26	16:24:53]	SSDRead()	
[24.03.26	16:24:53]	SSDRead()	
[24.03.26	16:24:53]	SSDRead()	
[24.03.26	16:24:53]	SSDRead()	
[24.03.26	16:24:53]	SSDRead()	
[24.03.26	16:24:53]	SSDRead()	
[24.03.26	16:24:53]	SSDRead()	
[24.03.26	16:24:53]	SSDRead()	
[24.03.26	16:24:53]	SSDRead()	
[24.03.26	16:24:53]	SSDRead()	
[24.03.26	16:24:54]	SSDRead()	
[24.03.26	16:24:54]	SSDRead()	
[24.03.26	16:24:54]	SSDRead()	
[24.03.26	16:24:54]	SSDRead()	
[24.03.26	16:24:54]	SSDRead()	
[24.03.26	16:24:54]	SSDRead()	
[24.03.26	16:24:54]	SSDRead()	
[24.03.26	16:24:54]	SSDRead()	
[24.03.26	16:24:54]	SSDRead()	
[24.03.26	16:24:54]	SSDRead()	
[24.03.26	16:24:54]	SSDRead()	
[24.03.26	16:24:54]	SSDRead()	
[24.03.26	16:24:54]	SSDRead()	
[24.03.26	16:24:54]	SSDFullRead()	
[24.03.26	16:24:54]	SSDRead()	
[24.03.26	16:24:54]	SSDRead()	
[24.03.26	16:24:54]	SSDRead()	
[24.03.26	16:24:54]	SSDRead()	
[24.03.26	16:24:54]	SSDRead()	
[24.03.26	16:24:54]	SSDRead()	
[24.03.26	16:24:54]	SSDRead()	
[24.03.26	16:24:54]	SSDRead()	
[24.03.26	16:24:54]	SSDRead()	
[24.03.26	16:24:54]	SSDRead()	
[24.03.26	16:24:54]	SSDRead()	
[24.03.26	16:24:54]	SSDRead()	
[24.03.26	16:24:54]	SSDRead()	
[24.03.26	16:24:54]	SSDRead()	
[24.03.26	16:24:54]	SSDRead()	
[24.03.26	16:24:54]	SSDRead()	
[24.03.26	16:24:54]	SSDRead()	
[24.03.26	16:24:54]	SSDRead()	
[24.03.26	16:24:54]	SSDRead()	
[24.03.26	16:24:54]	SSDRead()	
[24.03.26	16:24:54]	SSDRead()	
[24.03.26	16:24:54]	SSDRead()	
[24.03.26	16:24:54]	SSDRead()	
[24.03.26	16:24:54]	SSDRead()	
[24.03.26	16:24:54]	SSDRead()	
[24.03.26	16:24:54]	SSDRead()	
[24.03.26	16:24:54]	SSDRead()	
[24.03.26	16:24:54]	SSDRead()	
[24.03.26	16:24:54]	SSDRead()	
[24.03.26	16:24:54]	SSDRead()	
[24.03.26	16:24:54]	SSDRead()	
[24.03.26	16:24:54]	SSDRead()	
[24.03.26	16:24:54]	SSDRead()	
[24.03.26	16:24:54]	SSDRead()	
[24.03.26	16:24:54]	SSDRead()	
[24.03.26	16:24:54]	SSDRead()	
[24.03.26	16:24:54]	SSDRead()	
[24.03.26	16:24:54]	SSDRead()	
[24.03.26	16:24:54]	SSDRead()	
[24.03.26	16:24:54]	SSDRead()	
[24.03.26	16:24:55]	SSDRead()	
[24.03.26	16:24:55]	SSDRead()	
[24.03.26	16:24:55]	SSDRead()	
[24.03.26	16:24:55]	SSDRead()	
[24.03.26	16:24:55]	SSDRead()	
[24.03.26	16:24:55]	SSDRead()	
[24.03.26	16:24:55]	SSDRead()	
[24.03.26	16:24:55]	SSDRead()	
[24.03.26	16:24:55]	SSDRead()	
[24.03.26	16:24:55]	SSDRead()	
[24.03.26	16:24:55]	SSDRead()	
[24.03.26	16:24:55]	SSDRead()	
[24.03.26	16:24:55]	SSDRead()	
[24.03.26	16:24:55]	SSDRead()	
[24.03.26	16:24:55]	SSDRead()	
[24.03.26	16:24:55]	SSDRead()	
[24.03.26	16:24:55]	SSDRead()	
[24.03.26	16:24:55]	SSDRead()	
[24.03.26	16:24:55]	SSDRead()	
[24.03.26	16:24:55]	SSDRead()	
[24.03.26	16:24:55]	SSDRead()	
[24.03.26	16:24:55]	SSDRead()	
[24.03.26	16:24:55]	SSDRead()	
[24.03.26	16:24:55]	SSDRead()	
[24.03.26	16:24:55]	SSDRead()	
[24.03.26	16:24:55]	SSDRead()	
[24.03.26	16:24:55]	SSDRead()	
[24.03.26	16:24:55]	SSDRead()	
[24.03.26	16:24:55]	SSDRead()	
[24.03.26	16:24:55]	SSDRead()	
[24.03.26	16:24:55]	SSDRead()	
[24.03.26	16:24:55]	SSDRead()	
[24.03.26	16:24:55]	SSDRead()	
[24.03.26	16:24:55]	SSDRead()	
[24.03.26	16:24:55]	SSDRead()	
[24.03.26	16:24:55]	SSDRead()	
[24.03.26	16:24:55]	SSDRead()	
[24.03.26	16:24:55]	SSDRead()	
[24.03.26	16:24:55]	SSDRead()	
[24.03.26	16:24:55]	SSDRead()	
[24.03.26	16:24:55]	SSDRead()	
[24.03.26	16:24:55]	SSDRead()	
[24.03.26	16:24:55]	SSDRead()	
[24.03.26	16:24:55]	SSDRead()	
[24.03.26	16:24:55]	SSDRead()	
[24.03.26	16:24:55]	SSDRead()	
[24.03.26	16:24:55]	SSDRead()	
[24.03.26	16:24:55]	SSDRead()	
[24.03.26	16:24:55]	SSDRead()	
[24.03.26	16:24:55]	SSDRead()	
[24.03.26	16:24:55]	SSDRead()	
[24.03.26	16:24:55]	SSDRead()	
[24.03.26	16:24:55]	SSDRead()	
[24.03.26	16:24:56]	SSDRead()	
[24.03.26	16:24:56]	SSDRead()	
[24.03.26	16:24:56]	SSDRead()	
[24.03.26	16:24:56]	SSDRead()	
[24.03.26	16:24:56]	SSDRead()	
[24.03.26	16:24:56]	SSDRead()	
[24.03.26	16:24:56]	SSDRead()	
[24.03.26	16:24:56]	Write10AndCompare()	
[24.03.26	16:24:56]	SSDRead()	
[24.03.26	16:24:56]	SSDWrite()	
[24.03.26	16:24:56]	SSDWrite()	
[24.03.26	16:24:56]	SSDWrite()	
[24.03.26	16:24:56]	SSDWrite()	
[24.03.26	16:24:56]	SSDWrite()	
[24.03.26	16:24:56]	SSDWrite()	
[24.03.26	16:24:56]	SSDWrite()	
[24.03.26	16:24:56]	SSDWrite()	
[24.03.26	16:24:56]	SSDWrite()	
[24.03.26	16:24:56]	SSDWrite()	
[24.03.26	16:24:56]	SSDRead()	
[24.03.26	16:24:56]	SSDWrite()	
[24.03.26	16:24:56]	Loop_WriteAndReadCompare()	
[24.03.26	16:24:56]	SSDRead()	
[24.03.26	16:24:56]	SSDWrite()	
[24.03.26	16:24:56]	SSDRead()	
[24.03.26	16:24:56]	SSDWrite()	
[24.03.26	16:24:56]	SSDRead()	
[24.03.26	16:24:56]	SSDWrite()	
[24.03.26	16:24:56]	SSDRead()	
[24.03.26	16:24:56]	SSDWrite()	
[24.03.26	16:24:56]	SSDRead()	
[24.03.26	16:24:56]	SSDWrite()	
[24.03.26	16:24:56]	SSDRead()	
[24.03.26	16:24:56]	SSDWrite()	
[24.03.26	16:24:56]	SSDRead()	
[24.03.26	16:24:56]	SSDWrite()	
[24.03.26	16:24:56]	SSDRead()	
[24.03.26	16:24:56]	SSDWrite()	
[24.03.26	16:24:56]	SSDRead()	
[24.03.26	16:24:56]	SSDWrite()	
[24.03.26	16:24:56]	SSDRead()	
[24.03.26	16:24:56]	SSDWrite()	
[24.03.26	16:24:56]	SSDRead()	
[24.03.26	16:24:56]	SSDWrite()	
[24.03.26	16:24:56]	SSDRead()	
[24.03.26	16:24:56]	SSDWrite()	
[24.03.26	16:24:56]	SSDRead()	
[24.03.26	16:24:56]	SSDWrite()	
[24.03.26	16:24:56]	SSDRead()	
[24.03.26	16:24:56]	SSDWrite()	
[24.03.26	16:24:56]	SSDRead()	
[24.03.26	16:24:56]	SSDWrite()	
[24.03.26	16:24:57]	SSDRead()	
[24.03.26	16:24:57]	SSDWrite()	
[24.03.26	16:24:57]	SSDRead()	
[24.03.26	16:24:57]	SSDWrite()	
[24.03.26	16:24:57]	SSDRead()	
[24.03.26	16:24:57]	SSDWrite()	
[24.03.26	16:24:57]	SSDRead()	
[24.03.26	16:24:57]	SSDWrite()	
[24.03.26	16:24:57]	SSDRead()	
[24.03.26	16:24:57]	SSDWrite()	
[24.03.26	16:24:57]	SSDRead()	
[24.03.26	16:24:57]	SSDWrite()	
[24.03.26	16:24:57]	SSDRead()	
