[24.03.26	16:24:11]	SSDStart()	
[24.03.26	16:24:25]	Run_List()	
[24.03.26	16:24:25]	FullWriteReadCompare()	
[24.03.26	16:24:25]	SSDFullRead()	
[24.03.26	16:24:25]	SSDRead()	
[24.03.26	16:24:25]	SSDRead()	
[24.03.26	16:24:25]	SSDRead()	
[24.03.26	16:24:25]	SSDRead()	
[24.03.26	16:24:25]	SSDRead()	
[24.03.26	16:24:25]	SSDRead()	
[24.03.26	16:24:25]	SSDRead()	
[24.03.26	16:24:25]	SSDRead()	
[24.03.26	16:24:25]	SSDRead()	
[24.03.26	16:24:25]	SSDRead()	
[24.03.26	16:24:25]	SSDRead()	
[24.03.26	16:24:25]	SSDRead()	
[24.03.26	16:24:25]	SSDRead()	
[24.03.26	16:24:25]	SSDRead()	
[24.03.26	16:24:25]	SSDRead()	
[24.03.26	16:24:25]	SSDRead()	
[24.03.26	16:24:25]	SSDRead()	
[24.03.26	16:24:25]	SSDRead()	
[24.03.26	16:24:25]	SSDRead()	
[24.03.26	16:24:25]	SSDRead()	
[24.03.26	16:24:25]	SSDRead()	
[24.03.26	16:24:25]	SSDRead()	
[24.03.26	16:24:25]	SSDRead()	
[24.03.26	16:24:25]	SSDRead()	
[24.03.26	16:24:25]	SSDRead()	
[24.03.26	16:24:25]	SSDRead()	
[24.03.26	16:24:25]	SSDRead()	
[24.03.26	16:24:25]	SSDRead()	
[24.03.26	16:24:25]	SSDRead()	
[24.03.26	16:24:26]	SSDRead()	
[24.03.26	16:24:26]	SSDRead()	
[24.03.26	16:24:26]	SSDRead()	
[24.03.26	16:24:26]	SSDRead()	
[24.03.26	16:24:26]	SSDRead()	
[24.03.26	16:24:26]	SSDRead()	
[24.03.26	16:24:26]	SSDRead()	
[24.03.26	16:24:26]	SSDRead()	
[24.03.26	16:24:26]	SSDRead()	
[24.03.26	16:24:26]	SSDRead()	
[24.03.26	16:24:26]	SSDRead()	
[24.03.26	16:24:26]	SSDRead()	
[24.03.26	16:24:26]	SSDRead()	
[24.03.26	16:24:26]	SSDRead()	
[24.03.26	16:24:26]	SSDRead()	
[24.03.26	16:24:26]	SSDRead()	
[24.03.26	16:24:26]	SSDRead()	
[24.03.26	16:24:26]	SSDRead()	
[24.03.26	16:24:26]	SSDRead()	
[24.03.26	16:24:26]	SSDRead()	
[24.03.26	16:24:26]	SSDRead()	
[24.03.26	16:24:26]	SSDRead()	
[24.03.26	16:24:26]	SSDRead()	
[24.03.26	16:24:26]	SSDRead()	
[24.03.26	16:24:26]	SSDRead()	
[24.03.26	16:24:26]	SSDRead()	
[24.03.26	16:24:26]	SSDRead()	
[24.03.26	16:24:26]	SSDRead()	
[24.03.26	16:24:26]	SSDRead()	
[24.03.26	16:24:26]	SSDRead()	
[24.03.26	16:24:26]	SSDRead()	
[24.03.26	16:24:26]	SSDRead()	
[24.03.26	16:24:26]	SSDRead()	
[24.03.26	16:24:26]	SSDRead()	
[24.03.26	16:24:26]	SSDRead()	
[24.03.26	16:24:26]	SSDRead()	
[24.03.26	16:24:26]	SSDRead()	
[24.03.26	16:24:26]	SSDRead()	
[24.03.26	16:24:26]	SSDRead()	
[24.03.26	16:24:26]	SSDRead()	
[24.03.26	16:24:26]	SSDRead()	
[24.03.26	16:24:26]	SSDRead()	
[24.03.26	16:24:26]	SSDRead()	
[24.03.26	16:24:26]	SSDRead()	
[24.03.26	16:24:26]	SSDRead()	
[24.03.26	16:24:26]	SSDRead()	
[24.03.26	16:24:27]	SSDRead()	
[24.03.26	16:24:27]	SSDRead()	
[24.03.26	16:24:27]	SSDRead()	
[24.03.26	16:24:27]	SSDRead()	
[24.03.26	16:24:27]	SSDRead()	
[24.03.26	16:24:27]	SSDRead()	
[24.03.26	16:24:27]	SSDRead()	
[24.03.26	16:24:27]	SSDRead()	
[24.03.26	16:24:27]	SSDRead()	
[24.03.26	16:24:27]	SSDRead()	
[24.03.26	16:24:27]	SSDRead()	
[24.03.26	16:24:27]	SSDRead()	
[24.03.26	16:24:27]	SSDRead()	
[24.03.26	16:24:27]	SSDRead()	
[24.03.26	16:24:27]	SSDRead()	
[24.03.26	16:24:27]	SSDRead()	
[24.03.26	16:24:27]	SSDRead()	
[24.03.26	16:24:27]	SSDRead()	
[24.03.26	16:24:27]	SSDRead()	
[24.03.26	16:24:27]	SSDRead()	
[24.03.26	16:24:27]	SSDRead()	
[24.03.26	16:24:27]	SSDRead()	
[24.03.26	16:24:27]	SSDRead()	
[24.03.26	16:24:27]	SSDRead()	
[24.03.26	16:24:27]	SSDRead()	
[24.03.26	16:24:27]	SSDFullWrite()	
[24.03.26	16:24:27]	SSDWrite()	
[24.03.26	16:24:27]	SSDWrite()	
[24.03.26	16:24:27]	SSDWrite()	
[24.03.26	16:24:27]	SSDWrite()	
[24.03.26	16:24:27]	SSDWrite()	
[24.03.26	16:24:27]	SSDWrite()	
[24.03.26	16:24:27]	SSDWrite()	
[24.03.26	16:24:27]	SSDWrite()	
[24.03.26	16:24:27]	SSDWrite()	
[24.03.26	16:24:27]	SSDWrite()	
[24.03.26	16:24:27]	SSDWrite()	
[24.03.26	16:24:27]	SSDWrite()	
[24.03.26	16:24:27]	SSDWrite()	
[24.03.26	16:24:27]	SSDWrite()	
[24.03.26	16:24:27]	SSDWrite()	
[24.03.26	16:24:27]	SSDWrite()	
[24.03.26	16:24:27]	SSDWrite()	
[24.03.26	16:24:27]	SSDWrite()	
[24.03.26	16:24:28]	SSDWrite()	
[24.03.26	16:24:28]	SSDWrite()	
[24.03.26	16:24:28]	SSDWrite()	
[24.03.26	16:24:28]	SSDWrite()	
[24.03.26	16:24:28]	SSDWrite()	
[24.03.26	16:24:28]	SSDWrite()	
[24.03.26	16:24:28]	SSDWrite()	
[24.03.26	16:24:28]	SSDWrite()	
[24.03.26	16:24:28]	SSDWrite()	
[24.03.26	16:24:28]	SSDWrite()	
[24.03.26	16:24:28]	SSDWrite()	
[24.03.26	16:24:28]	SSDWrite()	
[24.03.26	16:24:28]	SSDWrite()	
[24.03.26	16:24:28]	SSDWrite()	
[24.03.26	16:24:28]	SSDWrite()	
[24.03.26	16:24:28]	SSDWrite()	
[24.03.26	16:24:28]	SSDWrite()	
[24.03.26	16:24:28]	SSDWrite()	
[24.03.26	16:24:28]	SSDWrite()	
[24.03.26	16:24:28]	SSDWrite()	
[24.03.26	16:24:28]	SSDWrite()	
[24.03.26	16:24:28]	SSDWrite()	
[24.03.26	16:24:28]	SSDWrite()	
[24.03.26	16:24:28]	SSDWrite()	
[24.03.26	16:24:28]	SSDWrite()	
[24.03.26	16:24:28]	SSDWrite()	
[24.03.26	16:24:28]	SSDWrite()	
[24.03.26	16:24:28]	SSDWrite()	
[24.03.26	16:24:28]	SSDWrite()	
[24.03.26	16:24:28]	SSDWrite()	
[24.03.26	16:24:28]	SSDWrite()	
[24.03.26	16:24:28]	SSDWrite()	
[24.03.26	16:24:28]	SSDWrite()	
[24.03.26	16:24:28]	SSDWrite()	
[24.03.26	16:24:28]	SSDWrite()	
[24.03.26	16:24:29]	SSDWrite()	
[24.03.26	16:24:29]	SSDWrite()	
[24.03.26	16:24:29]	SSDWrite()	
[24.03.26	16:24:29]	SSDWrite()	
[24.03.26	16:24:29]	SSDWrite()	
[24.03.26	16:24:29]	SSDWrite()	
[24.03.26	16:24:29]	SSDWrite()	
[24.03.26	16:24:29]	SSDWrite()	
[24.03.26	16:24:29]	SSDWrite()	
[24.03.26	16:24:29]	SSDWrite()	
[24.03.26	16:24:29]	SSDWrite()	
[24.03.26	16:24:29]	SSDWrite()	
[24.03.26	16:24:29]	SSDWrite()	
[24.03.26	16:24:29]	SSDWrite()	
[24.03.26	16:24:29]	SSDWrite()	
[24.03.26	16:24:29]	SSDWrite()	
[24.03.26	16:24:29]	SSDWrite()	
[24.03.26	16:24:29]	SSDWrite()	
[24.03.26	16:24:29]	SSDWrite()	
[24.03.26	16:24:29]	SSDWrite()	
[24.03.26	16:24:29]	SSDWrite()	
[24.03.26	16:24:29]	SSDWrite()	
[24.03.26	16:24:29]	SSDWrite()	
[24.03.26	16:24:29]	SSDWrite()	
[24.03.26	16:24:29]	SSDWrite()	
[24.03.26	16:24:29]	SSDWrite()	
[24.03.26	16:24:29]	SSDWrite()	
[24.03.26	16:24:29]	SSDWrite()	
[24.03.26	16:24:29]	SSDWrite()	
[24.03.26	16:24:29]	SSDWrite()	
[24.03.26	16:24:29]	SSDWrite()	
[24.03.26	16:24:29]	SSDWrite()	
[24.03.26	16:24:29]	SSDWrite()	
[24.03.26	16:24:29]	SSDWrite()	
[24.03.26	16:24:29]	SSDWrite()	
[24.03.26	16:24:29]	SSDWrite()	
[24.03.26	16:24:29]	SSDWrite()	
[24.03.26	16:24:30]	SSDWrite()	
[24.03.26	16:24:30]	SSDWrite()	
[24.03.26	16:24:30]	SSDWrite()	
[24.03.26	16:24:30]	SSDWrite()	
[24.03.26	16:24:30]	SSDWrite()	
[24.03.26	16:24:30]	SSDWrite()	
[24.03.26	16:24:30]	SSDWrite()	
[24.03.26	16:24:30]	SSDWrite()	
[24.03.26	16:24:30]	SSDWrite()	
[24.03.26	16:24:30]	SSDWrite()	
[24.03.26	16:24:30]	SSDFullRead()	
[24.03.26	16:24:30]	SSDRead()	
[24.03.26	16:24:30]	SSDRead()	
[24.03.26	16:24:30]	SSDRead()	
[24.03.26	16:24:30]	SSDRead()	
[24.03.26	16:24:30]	SSDRead()	
[24.03.26	16:24:30]	SSDRead()	
[24.03.26	16:24:30]	SSDRead()	
[24.03.26	16:24:30]	SSDRead()	
[24.03.26	16:24:30]	SSDRead()	
[24.03.26	16:24:30]	SSDRead()	
[24.03.26	16:24:30]	SSDRead()	
[24.03.26	16:24:30]	SSDRead()	
[24.03.26	16:24:30]	SSDRead()	
[24.03.26	16:24:30]	SSDRead()	
[24.03.26	16:24:30]	SSDRead()	
[24.03.26	16:24:30]	SSDRead()	
[24.03.26	16:24:30]	SSDRead()	
[24.03.26	16:24:30]	SSDRead()	
[24.03.26	16:24:30]	SSDRead()	
[24.03.26	16:24:30]	SSDRead()	
[24.03.26	16:24:30]	SSDRead()	
[24.03.26	16:24:30]	SSDRead()	
[24.03.26	16:24:30]	SSDRead()	
[24.03.26	16:24:30]	SSDRead()	
[24.03.26	16:24:30]	SSDRead()	
[24.03.26	16:24:30]	SSDRead()	
[24.03.26	16:24:30]	SSDRead()	
[24.03.26	16:24:30]	SSDRead()	
[24.03.26	16:24:30]	SSDRead()	
[24.03.26	16:24:30]	SSDRead()	
[24.03.26	16:24:30]	SSDRead()	
[24.03.26	16:24:30]	SSDRead()	
[24.03.26	16:24:30]	SSDRead()	
[24.03.26	16:24:30]	SSDRead()	
[24.03.26	16:24:30]	SSDRead()	
[24.03.26	16:24:30]	SSDRead()	
[24.03.26	16:24:31]	SSDRead()	
[24.03.26	16:24:31]	SSDRead()	
[24.03.26	16:24:31]	SSDRead()	
[24.03.26	16:24:31]	SSDRead()	
[24.03.26	16:24:31]	SSDRead()	
[24.03.26	16:24:31]	SSDRead()	
[24.03.26	16:24:31]	SSDRead()	
[24.03.26	16:24:31]	SSDRead()	
[24.03.26	16:24:31]	SSDRead()	
[24.03.26	16:24:31]	SSDRead()	
[24.03.26	16:24:31]	SSDRead()	
[24.03.26	16:24:31]	SSDRead()	
[24.03.26	16:24:31]	SSDRead()	
[24.03.26	16:24:31]	SSDRead()	
[24.03.26	16:24:31]	SSDRead()	
[24.03.26	16:24:31]	SSDRead()	
[24.03.26	16:24:31]	SSDRead()	
[24.03.26	16:24:31]	SSDRead()	
[24.03.26	16:24:31]	SSDRead()	
[24.03.26	16:24:31]	SSDRead()	
[24.03.26	16:24:31]	SSDRead()	
[24.03.26	16:24:31]	SSDRead()	
[24.03.26	16:24:31]	SSDRead()	
[24.03.26	16:24:31]	SSDRead()	
[24.03.26	16:24:31]	SSDRead()	
[24.03.26	16:24:31]	SSDRead()	
[24.03.26	16:24:31]	SSDRead()	
[24.03.26	16:24:31]	SSDRead()	
[24.03.26	16:24:31]	SSDRead()	
[24.03.26	16:24:31]	SSDRead()	
[24.03.26	16:24:31]	SSDRead()	
[24.03.26	16:24:31]	SSDRead()	
[24.03.26	16:24:31]	SSDRead()	
[24.03.26	16:24:31]	SSDRead()	
[24.03.26	16:24:31]	SSDRead()	
[24.03.26	16:24:31]	SSDRead()	
[24.03.26	16:24:31]	SSDRead()	
[24.03.26	16:24:31]	SSDRead()	
[24.03.26	16:24:31]	SSDRead()	
[24.03.26	16:24:31]	SSDRead()	
[24.03.26	16:24:31]	SSDRead()	
[24.03.26	16:24:31]	SSDRead()	
[24.03.26	16:24:31]	SSDRead()	
[24.03.26	16:24:31]	SSDRead()	
[24.03.26	16:24:31]	SSDRead()	
[24.03.26	16:24:31]	SSDRead()	
[24.03.26	16:24:31]	SSDRead()	
[24.03.26	16:24:31]	SSDRead()	
[24.03.26	16:24:31]	SSDRead()	
[24.03.26	16:24:31]	SSDRead()	
[24.03.26	16:24:31]	SSDRead()	
[24.03.26	16:24:31]	SSDRead()	
[24.03.26	16:24:31]	SSDRead()	
[24.03.26	16:24:32]	SSDRead()	
[24.03.26	16:24:32]	SSDRead()	
[24.03.26	16:24:32]	SSDRead()	
[24.03.26	16:24:32]	SSDRead()	
[24.03.26	16:24:32]	SSDRead()	
[24.03.26	16:24:32]	SSDRead()	
[24.03.26	16:24:32]	SSDRead()	
[24.03.26	16:24:32]	SSDRead()	
[24.03.26	16:24:32]	SSDRead()	
[24.03.26	16:24:32]	SSDRead()	
[24.03.26	16:24:32]	SSDRead()	
[24.03.26	16:24:32]	SSDWrite()	
[24.03.26	16:24:32]	SSDWrite()	
[24.03.26	16:24:32]	SSDWrite()	
[24.03.26	16:24:32]	SSDWrite()	
[24.03.26	16:24:32]	SSDWrite()	
[24.03.26	16:24:32]	SSDWrite()	
[24.03.26	16:24:32]	SSDWrite()	
[24.03.26	16:24:32]	SSDWrite()	
[24.03.26	16:24:32]	SSDWrite()	
[24.03.26	16:24:32]	SSDWrite()	
[24.03.26	16:24:32]	SSDWrite()	
[24.03.26	16:24:32]	SSDWrite()	
[24.03.26	16:24:32]	SSDWrite()	
[24.03.26	16:24:32]	SSDWrite()	
[24.03.26	16:24:32]	SSDWrite()	
[24.03.26	16:24:32]	SSDWrite()	
[24.03.26	16:24:32]	SSDWrite()	
[24.03.26	16:24:32]	SSDWrite()	
[24.03.26	16:24:32]	SSDWrite()	
[24.03.26	16:24:32]	SSDWrite()	
[24.03.26	16:24:32]	SSDWrite()	
[24.03.26	16:24:32]	SSDWrite()	
[24.03.26	16:24:32]	SSDWrite()	
[24.03.26	16:24:32]	SSDWrite()	
[24.03.26	16:24:32]	SSDWrite()	
[24.03.26	16:24:32]	SSDWrite()	
[24.03.26	16:24:32]	SSDWrite()	
[24.03.26	16:24:32]	SSDWrite()	
[24.03.26	16:24:32]	SSDWrite()	
[24.03.26	16:24:32]	SSDWrite()	
[24.03.26	16:24:33]	SSDWrite()	
[24.03.26	16:24:33]	SSDWrite()	
[24.03.26	16:24:33]	SSDWrite()	
[24.03.26	16:24:33]	SSDWrite()	
[24.03.26	16:24:33]	SSDWrite()	
[24.03.26	16:24:33]	SSDWrite()	
[24.03.26	16:24:33]	SSDWrite()	
[24.03.26	16:24:33]	SSDWrite()	
[24.03.26	16:24:33]	SSDWrite()	
[24.03.26	16:24:33]	SSDWrite()	
[24.03.26	16:24:33]	SSDWrite()	
[24.03.26	16:24:33]	SSDWrite()	
[24.03.26	16:24:33]	SSDWrite()	
[24.03.26	16:24:33]	SSDWrite()	
[24.03.26	16:24:33]	SSDWrite()	
[24.03.26	16:24:33]	SSDWrite()	
[24.03.26	16:24:33]	SSDWrite()	
[24.03.26	16:24:33]	SSDWrite()	
[24.03.26	16:24:33]	SSDWrite()	
[24.03.26	16:24:33]	SSDWrite()	
[24.03.26	16:24:33]	SSDWrite()	
[24.03.26	16:24:33]	SSDWrite()	
[24.03.26	16:24:33]	SSDWrite()	
[24.03.26	16:24:33]	SSDWrite()	
[24.03.26	16:24:33]	SSDWrite()	
[24.03.26	16:24:33]	SSDWrite()	
[24.03.26	16:24:33]	SSDWrite()	
[24.03.26	16:24:33]	SSDWrite()	
[24.03.26	16:24:33]	SSDWrite()	
[24.03.26	16:24:33]	SSDWrite()	
[24.03.26	16:24:33]	SSDWrite()	
[24.03.26	16:24:33]	SSDWrite()	
[24.03.26	16:24:33]	SSDWrite()	
[24.03.26	16:24:33]	SSDWrite()	
[24.03.26	16:24:33]	SSDWrite()	
[24.03.26	16:24:33]	SSDWrite()	
[24.03.26	16:24:34]	SSDWrite()	
[24.03.26	16:24:34]	SSDWrite()	
[24.03.26	16:24:34]	SSDWrite()	
[24.03.26	16:24:34]	SSDWrite()	
[24.03.26	16:24:34]	SSDWrite()	
[24.03.26	16:24:34]	SSDWrite()	
[24.03.26	16:24:34]	SSDWrite()	
[24.03.26	16:24:34]	SSDWrite()	
[24.03.26	16:24:34]	SSDWrite()	
[24.03.26	16:24:34]	SSDWrite()	
[24.03.26	16:24:34]	SSDWrite()	
[24.03.26	16:24:34]	SSDWrite()	
[24.03.26	16:24:34]	SSDWrite()	
[24.03.26	16:24:34]	SSDWrite()	
[24.03.26	16:24:34]	SSDWrite()	
[24.03.26	16:24:34]	SSDWrite()	
[24.03.26	16:24:34]	SSDWrite()	
[24.03.26	16:24:34]	SSDWrite()	
